Using pre-set license
Built from '2020.3/staging' branch; Version is '2020.3.20f1 (41c4e627c95f) revision 4310246'; Using compiler version '192528614'; Build Type 'Release'
OS: 'Windows 10 Education; OS build 18363.1854; Version 1909; 64bit' Language: 'ko' Physical Memory: 16178 MB
BatchMode: 1, IsHumanControllingUs: 0, StartBugReporterOnCrash: 0, Is64bit: 1, IsPro: 0

COMMAND LINE ARGUMENTS:
C:\Program Files\Unity Editor\2020.3.20f1\Editor\Unity.exe
-adb2
-batchMode
-noUpm
-name
AssetImportWorker0
-projectPath
D:/unity_study/Geomeria
-logFile
Logs/AssetImportWorker0.log
-srvPort
49696
Successfully changed project path to: D:/unity_study/Geomeria
D:/unity_study/Geomeria
Using Asset Import Pipeline V2.
Refreshing native plugins compatible for Editor in 65.83 ms, found 3 plugins.
Preloading 0 native plugins for Editor in 0.00 ms.
Initialize engine version: 2020.3.20f1 (41c4e627c95f)
[Subsystems] Discovering subsystems at path C:/Program Files/Unity Editor/2020.3.20f1/Editor/Data/Resources/UnitySubsystems
[Subsystems] Discovering subsystems at path D:/unity_study/Geomeria/Assets
GfxDevice: creating device client; threaded=0
Direct3D:
    Version:  Direct3D 11.0 [level 11.1]
    Renderer: Intel(R) UHD Graphics 620 (ID=0x3ea0)
    Vendor:   
    VRAM:     8089 MB
    Driver:   27.20.100.9466
Initialize mono
Mono path[0] = 'C:/Program Files/Unity Editor/2020.3.20f1/Editor/Data/Managed'
Mono path[1] = 'C:/Program Files/Unity Editor/2020.3.20f1/Editor/Data/MonoBleedingEdge/lib/mono/unityjit'
Mono config path = 'C:/Program Files/Unity Editor/2020.3.20f1/Editor/Data/MonoBleedingEdge/etc'
Using monoOptions --debugger-agent=transport=dt_socket,embedding=1,server=y,suspend=n,address=127.0.0.1:56868
Begin MonoManager ReloadAssembly
Registering precompiled unity dll's ...
Register platform support module: C:/Program Files/Unity Editor/2020.3.20f1/Editor/Data/PlaybackEngines/WindowsStandaloneSupport/UnityEditor.WindowsStandalone.Extensions.dll
Registered in 0.004205 seconds.
Native extension for WindowsStandalone target not found
Refreshing native plugins compatible for Editor in 71.70 ms, found 3 plugins.
Preloading 0 native plugins for Editor in 0.00 ms.
Mono: successfully reloaded assembly
- Completed reload, in  1.993 seconds
Domain Reload Profiling:
	ReloadAssembly (1993ms)
		BeginReloadAssembly (117ms)
			ExecutionOrderSort (0ms)
			DisableScriptedObjects (0ms)
			BackupInstance (0ms)
			ReleaseScriptingObjects (0ms)
			CreateAndSetChildDomain (2ms)
		EndReloadAssembly (808ms)
			LoadAssemblies (113ms)
			RebuildTransferFunctionScriptingTraits (0ms)
			SetupTypeCache (335ms)
			ReleaseScriptCaches (0ms)
			RebuildScriptCaches (46ms)
			SetupLoadedEditorAssemblies (300ms)
				LogAssemblyErrors (0ms)
				InitializePlatformSupportModulesInManaged (7ms)
				SetLoadedEditorAssemblies (0ms)
				RefreshPlugins (72ms)
				BeforeProcessingInitializeOnLoad (21ms)
				ProcessInitializeOnLoadAttributes (145ms)
				ProcessInitializeOnLoadMethodAttributes (54ms)
				AfterProcessingInitializeOnLoad (0ms)
				EditorAssembliesLoaded (0ms)
			ExecutionOrderSort2 (0ms)
			AwakeInstancesAfterBackupRestoration (0ms)
Platform modules already initialized, skipping
Registering precompiled user dll's ...
Registered in 0.005899 seconds.
Begin MonoManager ReloadAssembly
Native extension for WindowsStandalone target not found
Refreshing native plugins compatible for Editor in 81.83 ms, found 3 plugins.
Preloading 0 native plugins for Editor in 0.00 ms.
[VSCode] Code executable in 'C:\Program Files (x86)\Microsoft VS Code\bin\code.cmd' not found. Check yourVisual Studio Code installation and insert the correct path in the Preferences menu.
UnityEngine.StackTraceUtility:ExtractStackTrace ()
UnityEngine.DebugLogHandler:LogFormat (UnityEngine.LogType,UnityEngine.Object,string,object[])
UnityEngine.Logger:Log (UnityEngine.LogType,object)
UnityEngine.Debug:LogError (object)
dotBunny.Unity.VSCode:PrintNotFound (string) (at Assets/VSCode/Plugins/Editor/VSCode.cs:737)
dotBunny.Unity.VSCode:AutodetectCodePath () (at Assets/VSCode/Plugins/Editor/VSCode.cs:405)
dotBunny.Unity.VSCode:get_CodePath () (at Assets/VSCode/Plugins/Editor/VSCode.cs:51)
dotBunny.Unity.VSCode:UpdateUnityPreferences (bool) (at Assets/VSCode/Plugins/Editor/VSCode.cs:1105)
dotBunny.Unity.VSCode:.cctor () (at Assets/VSCode/Plugins/Editor/VSCode.cs:288)
System.Runtime.CompilerServices.RuntimeHelpers:RunClassConstructor (System.RuntimeTypeHandle)
UnityEditor.EditorAssemblies:ProcessInitializeOnLoadAttributes (System.Type[])

(Filename: Assets/VSCode/Plugins/Editor/VSCode.cs Line: 737)

[VSCode] Code executable in 'C:\Program Files (x86)\Microsoft VS Code\bin\code.cmd' not found. Check yourVisual Studio Code installation and insert the correct path in the Preferences menu.
UnityEngine.StackTraceUtility:ExtractStackTrace ()
UnityEngine.DebugLogHandler:LogFormat (UnityEngine.LogType,UnityEngine.Object,string,object[])
UnityEngine.Logger:Log (UnityEngine.LogType,object)
UnityEngine.Debug:LogError (object)
dotBunny.Unity.VSCode:PrintNotFound (string) (at Assets/VSCode/Plugins/Editor/VSCode.cs:737)
dotBunny.Unity.VSCode:AutodetectCodePath () (at Assets/VSCode/Plugins/Editor/VSCode.cs:405)
dotBunny.Unity.VSCode:get_CodePath () (at Assets/VSCode/Plugins/Editor/VSCode.cs:51)
dotBunny.Unity.VSCode:UpdateUnityPreferences (bool) (at Assets/VSCode/Plugins/Editor/VSCode.cs:1109)
dotBunny.Unity.VSCode:.cctor () (at Assets/VSCode/Plugins/Editor/VSCode.cs:288)
System.Runtime.CompilerServices.RuntimeHelpers:RunClassConstructor (System.RuntimeTypeHandle)
UnityEditor.EditorAssemblies:ProcessInitializeOnLoadAttributes (System.Type[])

(Filename: Assets/VSCode/Plugins/Editor/VSCode.cs Line: 737)

[VSCode] Code executable in 'C:\Program Files (x86)\Microsoft VS Code\bin\code.cmd' not found. Check yourVisual Studio Code installation and insert the correct path in the Preferences menu.
UnityEngine.StackTraceUtility:ExtractStackTrace ()
UnityEngine.DebugLogHandler:LogFormat (UnityEngine.LogType,UnityEngine.Object,string,object[])
UnityEngine.Logger:Log (UnityEngine.LogType,object)
UnityEngine.Debug:LogError (object)
dotBunny.Unity.VSCode:PrintNotFound (string) (at Assets/VSCode/Plugins/Editor/VSCode.cs:737)
dotBunny.Unity.VSCode:AutodetectCodePath () (at Assets/VSCode/Plugins/Editor/VSCode.cs:405)
dotBunny.Unity.VSCode:get_CodePath () (at Assets/VSCode/Plugins/Editor/VSCode.cs:51)
dotBunny.Unity.VSCode:UpdateUnityPreferences (bool) (at Assets/VSCode/Plugins/Editor/VSCode.cs:1118)
dotBunny.Unity.VSCode:.cctor () (at Assets/VSCode/Plugins/Editor/VSCode.cs:288)
System.Runtime.CompilerServices.RuntimeHelpers:RunClassConstructor (System.RuntimeTypeHandle)
UnityEditor.EditorAssemblies:ProcessInitializeOnLoadAttributes (System.Type[])

(Filename: Assets/VSCode/Plugins/Editor/VSCode.cs Line: 737)

Mono: successfully reloaded assembly
- Completed reload, in  2.145 seconds
Domain Reload Profiling:
	ReloadAssembly (2148ms)
		BeginReloadAssembly (264ms)
			ExecutionOrderSort (0ms)
			DisableScriptedObjects (8ms)
			BackupInstance (0ms)
			ReleaseScriptingObjects (0ms)
			CreateAndSetChildDomain (29ms)
		EndReloadAssembly (1780ms)
			LoadAssemblies (172ms)
			RebuildTransferFunctionScriptingTraits (0ms)
			SetupTypeCache (632ms)
			ReleaseScriptCaches (1ms)
			RebuildScriptCaches (83ms)
			SetupLoadedEditorAssemblies (638ms)
				LogAssemblyErrors (0ms)
				InitializePlatformSupportModulesInManaged (8ms)
				SetLoadedEditorAssemblies (0ms)
				RefreshPlugins (82ms)
				BeforeProcessingInitializeOnLoad (126ms)
				ProcessInitializeOnLoadAttributes (377ms)
				ProcessInitializeOnLoadMethodAttributes (30ms)
				AfterProcessingInitializeOnLoad (13ms)
				EditorAssembliesLoaded (0ms)
			ExecutionOrderSort2 (0ms)
			AwakeInstancesAfterBackupRestoration (15ms)
Platform modules already initialized, skipping
========================================================================
Worker process is ready to serve import requests
Launched and connected shader compiler UnityShaderCompiler.exe after 0.12 seconds
Refreshing native plugins compatible for Editor in 0.70 ms, found 3 plugins.
Preloading 0 native plugins for Editor in 0.00 ms.
Unloading 2194 Unused Serialized files (Serialized files now loaded: 0)
System memory in use before: 98.9 MB.
System memory in use after: 99.0 MB.

Unloading 27 unused Assets to reduce memory usage. Loaded Objects now: 2632.
Total: 5.632300 ms (FindLiveObjects: 0.217900 ms CreateObjectMapping: 0.183900 ms MarkObjects: 5.184900 ms  DeleteObjects: 0.043900 ms)

AssetImportParameters requested are different than current active one (requested -> active):
  custom:framework-win-MediaFoundation: 216162199b28c13a410421893ffa2e32 -> 
  custom:video-decoder-ogg-theora: a1e56fd34408186e4bbccfd4996cb3dc -> 
  custom:container-muxer-webm: aa71ff27fc2769a1b78a27578f13a17b -> 
  custom:container-demuxer-webm: 4f35f7cbe854078d1ac9338744f61a02 -> 
  custom:container-demuxer-ogg: 62fdf1f143b41e24485cea50d1cbac27 -> 
  custom:video-encoder-webm-vp8: eb34c28f22e8b96e1ab97ce403110664 -> 
  custom:video-decoder-webm-vp8: 9c59270c3fd7afecdb556c50c9e8de78 -> 
  custom:audio-decoder-ogg-vorbis: bf7c407c2cedff20999df2af8eb42d56 -> 
  custom:audio-encoder-webm-vorbis: bf7c407c2cedff20999df2af8eb42d56 -> 
========================================================================
Received Import Request.
  path: Assets/Scripts/Game/Player.cs
  artifactKey: Guid(0dec5e255fd60b342856e6a1f8d614c7) Importer(815301076,1909f56bfc062723c751e8b465ee728b)
Start importing Assets/Scripts/Game/Player.cs using Guid(0dec5e255fd60b342856e6a1f8d614c7) Importer(815301076,1909f56bfc062723c751e8b465ee728b)  -> (artifact id: '8d2eadb7e5b495bf5dc85c44b537f249') in 0.080057 seconds 
  Import took 0.087422 seconds .

========================================================================
Received Prepare
Registering precompiled user dll's ...
Registered in 0.005736 seconds.
Begin MonoManager ReloadAssembly
Native extension for WindowsStandalone target not found
Refreshing native plugins compatible for Editor in 0.67 ms, found 3 plugins.
Preloading 0 native plugins for Editor in 0.00 ms.
[VSCode] Code executable in 'C:\Program Files (x86)\Microsoft VS Code\bin\code.cmd' not found. Check yourVisual Studio Code installation and insert the correct path in the Preferences menu.
UnityEngine.StackTraceUtility:ExtractStackTrace ()
UnityEngine.DebugLogHandler:LogFormat (UnityEngine.LogType,UnityEngine.Object,string,object[])
UnityEngine.Logger:Log (UnityEngine.LogType,object)
UnityEngine.Debug:LogError (object)
dotBunny.Unity.VSCode:PrintNotFound (string) (at Assets/VSCode/Plugins/Editor/VSCode.cs:737)
dotBunny.Unity.VSCode:AutodetectCodePath () (at Assets/VSCode/Plugins/Editor/VSCode.cs:405)
dotBunny.Unity.VSCode:get_CodePath () (at Assets/VSCode/Plugins/Editor/VSCode.cs:51)
dotBunny.Unity.VSCode:UpdateUnityPreferences (bool) (at Assets/VSCode/Plugins/Editor/VSCode.cs:1105)
dotBunny.Unity.VSCode:.cctor () (at Assets/VSCode/Plugins/Editor/VSCode.cs:288)
System.Runtime.CompilerServices.RuntimeHelpers:RunClassConstructor (System.RuntimeTypeHandle)
UnityEditor.EditorAssemblies:ProcessInitializeOnLoadAttributes (System.Type[])

(Filename: Assets/VSCode/Plugins/Editor/VSCode.cs Line: 737)

[VSCode] Code executable in 'C:\Program Files (x86)\Microsoft VS Code\bin\code.cmd' not found. Check yourVisual Studio Code installation and insert the correct path in the Preferences menu.
UnityEngine.StackTraceUtility:ExtractStackTrace ()
UnityEngine.DebugLogHandler:LogFormat (UnityEngine.LogType,UnityEngine.Object,string,object[])
UnityEngine.Logger:Log (UnityEngine.LogType,object)
UnityEngine.Debug:LogError (object)
dotBunny.Unity.VSCode:PrintNotFound (string) (at Assets/VSCode/Plugins/Editor/VSCode.cs:737)
dotBunny.Unity.VSCode:AutodetectCodePath () (at Assets/VSCode/Plugins/Editor/VSCode.cs:405)
dotBunny.Unity.VSCode:get_CodePath () (at Assets/VSCode/Plugins/Editor/VSCode.cs:51)
dotBunny.Unity.VSCode:UpdateUnityPreferences (bool) (at Assets/VSCode/Plugins/Editor/VSCode.cs:1109)
dotBunny.Unity.VSCode:.cctor () (at Assets/VSCode/Plugins/Editor/VSCode.cs:288)
System.Runtime.CompilerServices.RuntimeHelpers:RunClassConstructor (System.RuntimeTypeHandle)
UnityEditor.EditorAssemblies:ProcessInitializeOnLoadAttributes (System.Type[])

(Filename: Assets/VSCode/Plugins/Editor/VSCode.cs Line: 737)

[VSCode] Code executable in 'C:\Program Files (x86)\Microsoft VS Code\bin\code.cmd' not found. Check yourVisual Studio Code installation and insert the correct path in the Preferences menu.
UnityEngine.StackTraceUtility:ExtractStackTrace ()
UnityEngine.DebugLogHandler:LogFormat (UnityEngine.LogType,UnityEngine.Object,string,object[])
UnityEngine.Logger:Log (UnityEngine.LogType,object)
UnityEngine.Debug:LogError (object)
dotBunny.Unity.VSCode:PrintNotFound (string) (at Assets/VSCode/Plugins/Editor/VSCode.cs:737)
dotBunny.Unity.VSCode:AutodetectCodePath () (at Assets/VSCode/Plugins/Editor/VSCode.cs:405)
dotBunny.Unity.VSCode:get_CodePath () (at Assets/VSCode/Plugins/Editor/VSCode.cs:51)
dotBunny.Unity.VSCode:UpdateUnityPreferences (bool) (at Assets/VSCode/Plugins/Editor/VSCode.cs:1118)
dotBunny.Unity.VSCode:.cctor () (at Assets/VSCode/Plugins/Editor/VSCode.cs:288)
System.Runtime.CompilerServices.RuntimeHelpers:RunClassConstructor (System.RuntimeTypeHandle)
UnityEditor.EditorAssemblies:ProcessInitializeOnLoadAttributes (System.Type[])

(Filename: Assets/VSCode/Plugins/Editor/VSCode.cs Line: 737)

Mono: successfully reloaded assembly
- Completed reload, in  1.909 seconds
Domain Reload Profiling:
	ReloadAssembly (1909ms)
		BeginReloadAssembly (235ms)
			ExecutionOrderSort (0ms)
			DisableScriptedObjects (13ms)
			BackupInstance (0ms)
			ReleaseScriptingObjects (0ms)
			CreateAndSetChildDomain (71ms)
		EndReloadAssembly (1543ms)
			LoadAssemblies (203ms)
			RebuildTransferFunctionScriptingTraits (0ms)
			SetupTypeCache (530ms)
			ReleaseScriptCaches (2ms)
			RebuildScriptCaches (94ms)
			SetupLoadedEditorAssemblies (556ms)
				LogAssemblyErrors (0ms)
				InitializePlatformSupportModulesInManaged (10ms)
				SetLoadedEditorAssemblies (1ms)
				RefreshPlugins (1ms)
				BeforeProcessingInitializeOnLoad (152ms)
				ProcessInitializeOnLoadAttributes (358ms)
				ProcessInitializeOnLoadMethodAttributes (22ms)
				AfterProcessingInitializeOnLoad (13ms)
				EditorAssembliesLoaded (0ms)
			ExecutionOrderSort2 (0ms)
			AwakeInstancesAfterBackupRestoration (15ms)
Platform modules already initialized, skipping
Refreshing native plugins compatible for Editor in 0.61 ms, found 3 plugins.
Preloading 0 native plugins for Editor in 0.00 ms.
Unloading 2183 Unused Serialized files (Serialized files now loaded: 0)
System memory in use before: 98.3 MB.
System memory in use after: 98.4 MB.

Unloading 17 unused Assets to reduce memory usage. Loaded Objects now: 2634.
Total: 4.828600 ms (FindLiveObjects: 0.263900 ms CreateObjectMapping: 0.139300 ms MarkObjects: 4.391900 ms  DeleteObjects: 0.031100 ms)

AssetImportParameters requested are different than current active one (requested -> active):
  custom:framework-win-MediaFoundation: 216162199b28c13a410421893ffa2e32 -> 
  custom:video-decoder-ogg-theora: a1e56fd34408186e4bbccfd4996cb3dc -> 
  custom:container-muxer-webm: aa71ff27fc2769a1b78a27578f13a17b -> 
  custom:container-demuxer-webm: 4f35f7cbe854078d1ac9338744f61a02 -> 
  custom:container-demuxer-ogg: 62fdf1f143b41e24485cea50d1cbac27 -> 
  custom:video-encoder-webm-vp8: eb34c28f22e8b96e1ab97ce403110664 -> 
  custom:video-decoder-webm-vp8: 9c59270c3fd7afecdb556c50c9e8de78 -> 
  custom:audio-decoder-ogg-vorbis: bf7c407c2cedff20999df2af8eb42d56 -> 
  custom:audio-encoder-webm-vorbis: bf7c407c2cedff20999df2af8eb42d56 -> 
========================================================================
Received Prepare
Registering precompiled user dll's ...
Registered in 0.004546 seconds.
Begin MonoManager ReloadAssembly
Native extension for WindowsStandalone target not found
Refreshing native plugins compatible for Editor in 0.69 ms, found 3 plugins.
Preloading 0 native plugins for Editor in 0.00 ms.
[VSCode] Code executable in 'C:\Program Files (x86)\Microsoft VS Code\bin\code.cmd' not found. Check yourVisual Studio Code installation and insert the correct path in the Preferences menu.
UnityEngine.StackTraceUtility:ExtractStackTrace ()
UnityEngine.DebugLogHandler:LogFormat (UnityEngine.LogType,UnityEngine.Object,string,object[])
UnityEngine.Logger:Log (UnityEngine.LogType,object)
UnityEngine.Debug:LogError (object)
dotBunny.Unity.VSCode:PrintNotFound (string) (at Assets/VSCode/Plugins/Editor/VSCode.cs:737)
dotBunny.Unity.VSCode:AutodetectCodePath () (at Assets/VSCode/Plugins/Editor/VSCode.cs:405)
dotBunny.Unity.VSCode:get_CodePath () (at Assets/VSCode/Plugins/Editor/VSCode.cs:51)
dotBunny.Unity.VSCode:UpdateUnityPreferences (bool) (at Assets/VSCode/Plugins/Editor/VSCode.cs:1105)
dotBunny.Unity.VSCode:.cctor () (at Assets/VSCode/Plugins/Editor/VSCode.cs:288)
System.Runtime.CompilerServices.RuntimeHelpers:RunClassConstructor (System.RuntimeTypeHandle)
UnityEditor.EditorAssemblies:ProcessInitializeOnLoadAttributes (System.Type[])

(Filename: Assets/VSCode/Plugins/Editor/VSCode.cs Line: 737)

[VSCode] Code executable in 'C:\Program Files (x86)\Microsoft VS Code\bin\code.cmd' not found. Check yourVisual Studio Code installation and insert the correct path in the Preferences menu.
UnityEngine.StackTraceUtility:ExtractStackTrace ()
UnityEngine.DebugLogHandler:LogFormat (UnityEngine.LogType,UnityEngine.Object,string,object[])
UnityEngine.Logger:Log (UnityEngine.LogType,object)
UnityEngine.Debug:LogError (object)
dotBunny.Unity.VSCode:PrintNotFound (string) (at Assets/VSCode/Plugins/Editor/VSCode.cs:737)
dotBunny.Unity.VSCode:AutodetectCodePath () (at Assets/VSCode/Plugins/Editor/VSCode.cs:405)
dotBunny.Unity.VSCode:get_CodePath () (at Assets/VSCode/Plugins/Editor/VSCode.cs:51)
dotBunny.Unity.VSCode:UpdateUnityPreferences (bool) (at Assets/VSCode/Plugins/Editor/VSCode.cs:1109)
dotBunny.Unity.VSCode:.cctor () (at Assets/VSCode/Plugins/Editor/VSCode.cs:288)
System.Runtime.CompilerServices.RuntimeHelpers:RunClassConstructor (System.RuntimeTypeHandle)
UnityEditor.EditorAssemblies:ProcessInitializeOnLoadAttributes (System.Type[])

(Filename: Assets/VSCode/Plugins/Editor/VSCode.cs Line: 737)

[VSCode] Code executable in 'C:\Program Files (x86)\Microsoft VS Code\bin\code.cmd' not found. Check yourVisual Studio Code installation and insert the correct path in the Preferences menu.
UnityEngine.StackTraceUtility:ExtractStackTrace ()
UnityEngine.DebugLogHandler:LogFormat (UnityEngine.LogType,UnityEngine.Object,string,object[])
UnityEngine.Logger:Log (UnityEngine.LogType,object)
UnityEngine.Debug:LogError (object)
dotBunny.Unity.VSCode:PrintNotFound (string) (at Assets/VSCode/Plugins/Editor/VSCode.cs:737)
dotBunny.Unity.VSCode:AutodetectCodePath () (at Assets/VSCode/Plugins/Editor/VSCode.cs:405)
dotBunny.Unity.VSCode:get_CodePath () (at Assets/VSCode/Plugins/Editor/VSCode.cs:51)
dotBunny.Unity.VSCode:UpdateUnityPreferences (bool) (at Assets/VSCode/Plugins/Editor/VSCode.cs:1118)
dotBunny.Unity.VSCode:.cctor () (at Assets/VSCode/Plugins/Editor/VSCode.cs:288)
System.Runtime.CompilerServices.RuntimeHelpers:RunClassConstructor (System.RuntimeTypeHandle)
UnityEditor.EditorAssemblies:ProcessInitializeOnLoadAttributes (System.Type[])

(Filename: Assets/VSCode/Plugins/Editor/VSCode.cs Line: 737)

Mono: successfully reloaded assembly
- Completed reload, in  1.853 seconds
Domain Reload Profiling:
	ReloadAssembly (1854ms)
		BeginReloadAssembly (195ms)
			ExecutionOrderSort (0ms)
			DisableScriptedObjects (11ms)
			BackupInstance (0ms)
			ReleaseScriptingObjects (0ms)
			CreateAndSetChildDomain (58ms)
		EndReloadAssembly (1536ms)
			LoadAssemblies (182ms)
			RebuildTransferFunctionScriptingTraits (0ms)
			SetupTypeCache (548ms)
			ReleaseScriptCaches (1ms)
			RebuildScriptCaches (83ms)
			SetupLoadedEditorAssemblies (574ms)
				LogAssemblyErrors (0ms)
				InitializePlatformSupportModulesInManaged (9ms)
				SetLoadedEditorAssemblies (1ms)
				RefreshPlugins (1ms)
				BeforeProcessingInitializeOnLoad (161ms)
				ProcessInitializeOnLoadAttributes (374ms)
				ProcessInitializeOnLoadMethodAttributes (18ms)
				AfterProcessingInitializeOnLoad (11ms)
				EditorAssembliesLoaded (0ms)
			ExecutionOrderSort2 (0ms)
			AwakeInstancesAfterBackupRestoration (15ms)
Platform modules already initialized, skipping
Refreshing native plugins compatible for Editor in 0.63 ms, found 3 plugins.
Preloading 0 native plugins for Editor in 0.00 ms.
Unloading 2183 Unused Serialized files (Serialized files now loaded: 0)
System memory in use before: 98.3 MB.
System memory in use after: 98.4 MB.

Unloading 17 unused Assets to reduce memory usage. Loaded Objects now: 2636.
Total: 4.448700 ms (FindLiveObjects: 0.241600 ms CreateObjectMapping: 0.125700 ms MarkObjects: 4.028900 ms  DeleteObjects: 0.051100 ms)

AssetImportParameters requested are different than current active one (requested -> active):
  custom:framework-win-MediaFoundation: 216162199b28c13a410421893ffa2e32 -> 
  custom:video-decoder-ogg-theora: a1e56fd34408186e4bbccfd4996cb3dc -> 
  custom:container-muxer-webm: aa71ff27fc2769a1b78a27578f13a17b -> 
  custom:container-demuxer-webm: 4f35f7cbe854078d1ac9338744f61a02 -> 
  custom:container-demuxer-ogg: 62fdf1f143b41e24485cea50d1cbac27 -> 
  custom:video-encoder-webm-vp8: eb34c28f22e8b96e1ab97ce403110664 -> 
  custom:video-decoder-webm-vp8: 9c59270c3fd7afecdb556c50c9e8de78 -> 
  custom:audio-decoder-ogg-vorbis: bf7c407c2cedff20999df2af8eb42d56 -> 
  custom:audio-encoder-webm-vorbis: bf7c407c2cedff20999df2af8eb42d56 -> 
========================================================================
Received Prepare
Registering precompiled user dll's ...
Registered in 0.004890 seconds.
Begin MonoManager ReloadAssembly
Native extension for WindowsStandalone target not found
Refreshing native plugins compatible for Editor in 0.63 ms, found 3 plugins.
Preloading 0 native plugins for Editor in 0.00 ms.
[VSCode] Code executable in 'C:\Program Files (x86)\Microsoft VS Code\bin\code.cmd' not found. Check yourVisual Studio Code installation and insert the correct path in the Preferences menu.
UnityEngine.StackTraceUtility:ExtractStackTrace ()
UnityEngine.DebugLogHandler:LogFormat (UnityEngine.LogType,UnityEngine.Object,string,object[])
UnityEngine.Logger:Log (UnityEngine.LogType,object)
UnityEngine.Debug:LogError (object)
dotBunny.Unity.VSCode:PrintNotFound (string) (at Assets/VSCode/Plugins/Editor/VSCode.cs:737)
dotBunny.Unity.VSCode:AutodetectCodePath () (at Assets/VSCode/Plugins/Editor/VSCode.cs:405)
dotBunny.Unity.VSCode:get_CodePath () (at Assets/VSCode/Plugins/Editor/VSCode.cs:51)
dotBunny.Unity.VSCode:UpdateUnityPreferences (bool) (at Assets/VSCode/Plugins/Editor/VSCode.cs:1105)
dotBunny.Unity.VSCode:.cctor () (at Assets/VSCode/Plugins/Editor/VSCode.cs:288)
System.Runtime.CompilerServices.RuntimeHelpers:RunClassConstructor (System.RuntimeTypeHandle)
UnityEditor.EditorAssemblies:ProcessInitializeOnLoadAttributes (System.Type[])

(Filename: Assets/VSCode/Plugins/Editor/VSCode.cs Line: 737)

[VSCode] Code executable in 'C:\Program Files (x86)\Microsoft VS Code\bin\code.cmd' not found. Check yourVisual Studio Code installation and insert the correct path in the Preferences menu.
UnityEngine.StackTraceUtility:ExtractStackTrace ()
UnityEngine.DebugLogHandler:LogFormat (UnityEngine.LogType,UnityEngine.Object,string,object[])
UnityEngine.Logger:Log (UnityEngine.LogType,object)
UnityEngine.Debug:LogError (object)
dotBunny.Unity.VSCode:PrintNotFound (string) (at Assets/VSCode/Plugins/Editor/VSCode.cs:737)
dotBunny.Unity.VSCode:AutodetectCodePath () (at Assets/VSCode/Plugins/Editor/VSCode.cs:405)
dotBunny.Unity.VSCode:get_CodePath () (at Assets/VSCode/Plugins/Editor/VSCode.cs:51)
dotBunny.Unity.VSCode:UpdateUnityPreferences (bool) (at Assets/VSCode/Plugins/Editor/VSCode.cs:1109)
dotBunny.Unity.VSCode:.cctor () (at Assets/VSCode/Plugins/Editor/VSCode.cs:288)
System.Runtime.CompilerServices.RuntimeHelpers:RunClassConstructor (System.RuntimeTypeHandle)
UnityEditor.EditorAssemblies:ProcessInitializeOnLoadAttributes (System.Type[])

(Filename: Assets/VSCode/Plugins/Editor/VSCode.cs Line: 737)

[VSCode] Code executable in 'C:\Program Files (x86)\Microsoft VS Code\bin\code.cmd' not found. Check yourVisual Studio Code installation and insert the correct path in the Preferences menu.
UnityEngine.StackTraceUtility:ExtractStackTrace ()
UnityEngine.DebugLogHandler:LogFormat (UnityEngine.LogType,UnityEngine.Object,string,object[])
UnityEngine.Logger:Log (UnityEngine.LogType,object)
UnityEngine.Debug:LogError (object)
dotBunny.Unity.VSCode:PrintNotFound (string) (at Assets/VSCode/Plugins/Editor/VSCode.cs:737)
dotBunny.Unity.VSCode:AutodetectCodePath () (at Assets/VSCode/Plugins/Editor/VSCode.cs:405)
dotBunny.Unity.VSCode:get_CodePath () (at Assets/VSCode/Plugins/Editor/VSCode.cs:51)
dotBunny.Unity.VSCode:UpdateUnityPreferences (bool) (at Assets/VSCode/Plugins/Editor/VSCode.cs:1118)
dotBunny.Unity.VSCode:.cctor () (at Assets/VSCode/Plugins/Editor/VSCode.cs:288)
System.Runtime.CompilerServices.RuntimeHelpers:RunClassConstructor (System.RuntimeTypeHandle)
UnityEditor.EditorAssemblies:ProcessInitializeOnLoadAttributes (System.Type[])

(Filename: Assets/VSCode/Plugins/Editor/VSCode.cs Line: 737)

Mono: successfully reloaded assembly
- Completed reload, in  1.839 seconds
Domain Reload Profiling:
	ReloadAssembly (1839ms)
		BeginReloadAssembly (194ms)
			ExecutionOrderSort (0ms)
			DisableScriptedObjects (9ms)
			BackupInstance (0ms)
			ReleaseScriptingObjects (0ms)
			CreateAndSetChildDomain (62ms)
		EndReloadAssembly (1507ms)
			LoadAssemblies (187ms)
			RebuildTransferFunctionScriptingTraits (0ms)
			SetupTypeCache (524ms)
			ReleaseScriptCaches (1ms)
			RebuildScriptCaches (67ms)
			SetupLoadedEditorAssemblies (579ms)
				LogAssemblyErrors (0ms)
				InitializePlatformSupportModulesInManaged (8ms)
				SetLoadedEditorAssemblies (1ms)
				RefreshPlugins (1ms)
				BeforeProcessingInitializeOnLoad (156ms)
				ProcessInitializeOnLoadAttributes (379ms)
				ProcessInitializeOnLoadMethodAttributes (20ms)
				AfterProcessingInitializeOnLoad (14ms)
				EditorAssembliesLoaded (0ms)
			ExecutionOrderSort2 (0ms)
			AwakeInstancesAfterBackupRestoration (16ms)
Platform modules already initialized, skipping
Refreshing native plugins compatible for Editor in 0.61 ms, found 3 plugins.
Preloading 0 native plugins for Editor in 0.00 ms.
Unloading 2183 Unused Serialized files (Serialized files now loaded: 0)
System memory in use before: 98.3 MB.
System memory in use after: 98.5 MB.

Unloading 17 unused Assets to reduce memory usage. Loaded Objects now: 2638.
Total: 4.057200 ms (FindLiveObjects: 0.214900 ms CreateObjectMapping: 0.104900 ms MarkObjects: 3.711800 ms  DeleteObjects: 0.024000 ms)

AssetImportParameters requested are different than current active one (requested -> active):
  custom:framework-win-MediaFoundation: 216162199b28c13a410421893ffa2e32 -> 
  custom:video-decoder-ogg-theora: a1e56fd34408186e4bbccfd4996cb3dc -> 
  custom:container-muxer-webm: aa71ff27fc2769a1b78a27578f13a17b -> 
  custom:container-demuxer-webm: 4f35f7cbe854078d1ac9338744f61a02 -> 
  custom:container-demuxer-ogg: 62fdf1f143b41e24485cea50d1cbac27 -> 
  custom:video-encoder-webm-vp8: eb34c28f22e8b96e1ab97ce403110664 -> 
  custom:video-decoder-webm-vp8: 9c59270c3fd7afecdb556c50c9e8de78 -> 
  custom:audio-decoder-ogg-vorbis: bf7c407c2cedff20999df2af8eb42d56 -> 
  custom:audio-encoder-webm-vorbis: bf7c407c2cedff20999df2af8eb42d56 -> 
========================================================================
Received Prepare
Registering precompiled user dll's ...
Registered in 0.004368 seconds.
Begin MonoManager ReloadAssembly
Native extension for WindowsStandalone target not found
Refreshing native plugins compatible for Editor in 0.52 ms, found 3 plugins.
Preloading 0 native plugins for Editor in 0.00 ms.
[VSCode] Code executable in 'C:\Program Files (x86)\Microsoft VS Code\bin\code.cmd' not found. Check yourVisual Studio Code installation and insert the correct path in the Preferences menu.
UnityEngine.StackTraceUtility:ExtractStackTrace ()
UnityEngine.DebugLogHandler:LogFormat (UnityEngine.LogType,UnityEngine.Object,string,object[])
UnityEngine.Logger:Log (UnityEngine.LogType,object)
UnityEngine.Debug:LogError (object)
dotBunny.Unity.VSCode:PrintNotFound (string) (at Assets/VSCode/Plugins/Editor/VSCode.cs:737)
dotBunny.Unity.VSCode:AutodetectCodePath () (at Assets/VSCode/Plugins/Editor/VSCode.cs:405)
dotBunny.Unity.VSCode:get_CodePath () (at Assets/VSCode/Plugins/Editor/VSCode.cs:51)
dotBunny.Unity.VSCode:UpdateUnityPreferences (bool) (at Assets/VSCode/Plugins/Editor/VSCode.cs:1105)
dotBunny.Unity.VSCode:.cctor () (at Assets/VSCode/Plugins/Editor/VSCode.cs:288)
System.Runtime.CompilerServices.RuntimeHelpers:RunClassConstructor (System.RuntimeTypeHandle)
UnityEditor.EditorAssemblies:ProcessInitializeOnLoadAttributes (System.Type[])

(Filename: Assets/VSCode/Plugins/Editor/VSCode.cs Line: 737)

[VSCode] Code executable in 'C:\Program Files (x86)\Microsoft VS Code\bin\code.cmd' not found. Check yourVisual Studio Code installation and insert the correct path in the Preferences menu.
UnityEngine.StackTraceUtility:ExtractStackTrace ()
UnityEngine.DebugLogHandler:LogFormat (UnityEngine.LogType,UnityEngine.Object,string,object[])
UnityEngine.Logger:Log (UnityEngine.LogType,object)
UnityEngine.Debug:LogError (object)
dotBunny.Unity.VSCode:PrintNotFound (string) (at Assets/VSCode/Plugins/Editor/VSCode.cs:737)
dotBunny.Unity.VSCode:AutodetectCodePath () (at Assets/VSCode/Plugins/Editor/VSCode.cs:405)
dotBunny.Unity.VSCode:get_CodePath () (at Assets/VSCode/Plugins/Editor/VSCode.cs:51)
dotBunny.Unity.VSCode:UpdateUnityPreferences (bool) (at Assets/VSCode/Plugins/Editor/VSCode.cs:1109)
dotBunny.Unity.VSCode:.cctor () (at Assets/VSCode/Plugins/Editor/VSCode.cs:288)
System.Runtime.CompilerServices.RuntimeHelpers:RunClassConstructor (System.RuntimeTypeHandle)
UnityEditor.EditorAssemblies:ProcessInitializeOnLoadAttributes (System.Type[])

(Filename: Assets/VSCode/Plugins/Editor/VSCode.cs Line: 737)

[VSCode] Code executable in 'C:\Program Files (x86)\Microsoft VS Code\bin\code.cmd' not found. Check yourVisual Studio Code installation and insert the correct path in the Preferences menu.
UnityEngine.StackTraceUtility:ExtractStackTrace ()
UnityEngine.DebugLogHandler:LogFormat (UnityEngine.LogType,UnityEngine.Object,string,object[])
UnityEngine.Logger:Log (UnityEngine.LogType,object)
UnityEngine.Debug:LogError (object)
dotBunny.Unity.VSCode:PrintNotFound (string) (at Assets/VSCode/Plugins/Editor/VSCode.cs:737)
dotBunny.Unity.VSCode:AutodetectCodePath () (at Assets/VSCode/Plugins/Editor/VSCode.cs:405)
dotBunny.Unity.VSCode:get_CodePath () (at Assets/VSCode/Plugins/Editor/VSCode.cs:51)
dotBunny.Unity.VSCode:UpdateUnityPreferences (bool) (at Assets/VSCode/Plugins/Editor/VSCode.cs:1118)
dotBunny.Unity.VSCode:.cctor () (at Assets/VSCode/Plugins/Editor/VSCode.cs:288)
System.Runtime.CompilerServices.RuntimeHelpers:RunClassConstructor (System.RuntimeTypeHandle)
UnityEditor.EditorAssemblies:ProcessInitializeOnLoadAttributes (System.Type[])

(Filename: Assets/VSCode/Plugins/Editor/VSCode.cs Line: 737)

Mono: successfully reloaded assembly
- Completed reload, in  1.729 seconds
Domain Reload Profiling:
	ReloadAssembly (1729ms)
		BeginReloadAssembly (197ms)
			ExecutionOrderSort (0ms)
			DisableScriptedObjects (13ms)
			BackupInstance (0ms)
			ReleaseScriptingObjects (0ms)
			CreateAndSetChildDomain (61ms)
		EndReloadAssembly (1411ms)
			LoadAssemblies (175ms)
			RebuildTransferFunctionScriptingTraits (0ms)
			SetupTypeCache (509ms)
			ReleaseScriptCaches (1ms)
			RebuildScriptCaches (74ms)
			SetupLoadedEditorAssemblies (515ms)
				LogAssemblyErrors (0ms)
				InitializePlatformSupportModulesInManaged (8ms)
				SetLoadedEditorAssemblies (1ms)
				RefreshPlugins (1ms)
				BeforeProcessingInitializeOnLoad (160ms)
				ProcessInitializeOnLoadAttributes (318ms)
				ProcessInitializeOnLoadMethodAttributes (18ms)
				AfterProcessingInitializeOnLoad (10ms)
				EditorAssembliesLoaded (0ms)
			ExecutionOrderSort2 (0ms)
			AwakeInstancesAfterBackupRestoration (16ms)
Platform modules already initialized, skipping
Refreshing native plugins compatible for Editor in 1.37 ms, found 3 plugins.
Preloading 0 native plugins for Editor in 0.00 ms.
Unloading 2183 Unused Serialized files (Serialized files now loaded: 0)
System memory in use before: 98.4 MB.
System memory in use after: 98.5 MB.

Unloading 17 unused Assets to reduce memory usage. Loaded Objects now: 2640.
Total: 7.197600 ms (FindLiveObjects: 0.541600 ms CreateObjectMapping: 0.279800 ms MarkObjects: 6.334400 ms  DeleteObjects: 0.039600 ms)

AssetImportParameters requested are different than current active one (requested -> active):
  custom:framework-win-MediaFoundation: 216162199b28c13a410421893ffa2e32 -> 
  custom:video-decoder-ogg-theora: a1e56fd34408186e4bbccfd4996cb3dc -> 
  custom:container-muxer-webm: aa71ff27fc2769a1b78a27578f13a17b -> 
  custom:container-demuxer-webm: 4f35f7cbe854078d1ac9338744f61a02 -> 
  custom:container-demuxer-ogg: 62fdf1f143b41e24485cea50d1cbac27 -> 
  custom:video-encoder-webm-vp8: eb34c28f22e8b96e1ab97ce403110664 -> 
  custom:video-decoder-webm-vp8: 9c59270c3fd7afecdb556c50c9e8de78 -> 
  custom:audio-decoder-ogg-vorbis: bf7c407c2cedff20999df2af8eb42d56 -> 
  custom:audio-encoder-webm-vorbis: bf7c407c2cedff20999df2af8eb42d56 -> 
AssetImportWorkerClient::OnTransportError - code=2 error=End of file
